<?xml version="1.0" encoding="UTF-8"?>
<testng-results skipped="0" failed="5" ignored="6" total="26" passed="15">
  <reporter-output>
  </reporter-output>
  <suite name="Suite" duration-ms="112226" started-at="2022-01-27T14:47:03Z" finished-at="2022-01-27T14:48:55Z">
    <groups>
    </groups>
    <test name="Test" duration-ms="112226" started-at="2022-01-27T14:47:03Z" finished-at="2022-01-27T14:48:55Z">
      <class name="com.buffalocart.scripts.ForgotPasswordTestCase">
        <test-method status="PASS" signature="setUpBrowser(java.lang.String)[pri:0, instance:com.buffalocart.scripts.ForgotPasswordTestCase@13a5fe33]" name="setUpBrowser" is-config="true" duration-ms="34878" started-at="2022-01-27T06:47:03Z" finished-at="2022-01-27T06:47:38Z">
          <params>
            <param index="0">
              <value>
                <![CDATA[chrome]]>
              </value>
            </param>
          </params>
          <reporter-output>
          </reporter-output>
        </test-method> <!-- setUpBrowser -->
        <test-method status="PASS" signature="forgotPasswordTestCase()[pri:0, instance:com.buffalocart.scripts.ForgotPasswordTestCase@13a5fe33]" name="forgotPasswordTestCase" duration-ms="1957" started-at="2022-01-27T06:47:38Z" finished-at="2022-01-27T06:47:40Z">
          <reporter-output>
          </reporter-output>
        </test-method> <!-- forgotPasswordTestCase -->
      </class> <!-- com.buffalocart.scripts.ForgotPasswordTestCase -->
      <class name="com.buffalocart.scripts.DashBoardTestCase">
        <test-method status="FAIL" signature="clockINTestCase()[pri:0, instance:com.buffalocart.scripts.DashBoardTestCase@370736d9]" name="clockINTestCase" duration-ms="4112" started-at="2022-01-27T06:47:54Z" finished-at="2022-01-27T06:47:58Z">
          <exception class="org.openqa.selenium.NoSuchElementException">
            <message>
              <![CDATA[no such element: Unable to locate element: {"method":"xpath","selector":"//a[text()=' Clock In']"}
  (Session info: chrome=97.0.4692.71)
For documentation on this error, please visit: https://selenium.dev/exceptions/#no_such_element
Build info: version: '4.1.0', revision: '87802e897b'
System info: host: 'DESKTOP-69RSGN8', ip: '192.168.43.124', os.name: 'Windows 10', os.arch: 'amd64', os.version: '10.0', java.version: '1.8.0_261'
Driver info: org.openqa.selenium.chrome.ChromeDriver
Command: [581d3c33d76e605f4d514ef9246e140b, findElement {using=xpath, value=//a[text()=' Clock In']}]
Capabilities {acceptInsecureCerts: false, browserName: chrome, browserVersion: 97.0.4692.71, chrome: {chromedriverVersion: 96.0.4664.45 (76e4c1bb2ab46..., userDataDir: C:\Users\SIVAGA~1\AppData\L...}, goog:chromeOptions: {debuggerAddress: localhost:56273}, javascriptEnabled: true, networkConnectionEnabled: false, pageLoadStrategy: normal, platform: WINDOWS, platformName: WINDOWS, proxy: Proxy(), se:cdp: ws://localhost:56273/devtoo..., se:cdpVersion: 97.0.4692.71, setWindowRect: true, strictFileInteractability: false, timeouts: {implicit: 0, pageLoad: 300000, script: 30000}, unhandledPromptBehavior: dismiss and notify, webauthn:extension:credBlob: true, webauthn:extension:largeBlob: true, webauthn:virtualAuthenticators: true}
Session ID: 581d3c33d76e605f4d514ef9246e140b]]>
            </message>
            <full-stacktrace>
              <![CDATA[org.openqa.selenium.NoSuchElementException: no such element: Unable to locate element: {"method":"xpath","selector":"//a[text()=' Clock In']"}
  (Session info: chrome=97.0.4692.71)
For documentation on this error, please visit: https://selenium.dev/exceptions/#no_such_element
Build info: version: '4.1.0', revision: '87802e897b'
System info: host: 'DESKTOP-69RSGN8', ip: '192.168.43.124', os.name: 'Windows 10', os.arch: 'amd64', os.version: '10.0', java.version: '1.8.0_261'
Driver info: org.openqa.selenium.chrome.ChromeDriver
Command: [581d3c33d76e605f4d514ef9246e140b, findElement {using=xpath, value=//a[text()=' Clock In']}]
Capabilities {acceptInsecureCerts: false, browserName: chrome, browserVersion: 97.0.4692.71, chrome: {chromedriverVersion: 96.0.4664.45 (76e4c1bb2ab46..., userDataDir: C:\Users\SIVAGA~1\AppData\L...}, goog:chromeOptions: {debuggerAddress: localhost:56273}, javascriptEnabled: true, networkConnectionEnabled: false, pageLoadStrategy: normal, platform: WINDOWS, platformName: WINDOWS, proxy: Proxy(), se:cdp: ws://localhost:56273/devtoo..., se:cdpVersion: 97.0.4692.71, setWindowRect: true, strictFileInteractability: false, timeouts: {implicit: 0, pageLoad: 300000, script: 30000}, unhandledPromptBehavior: dismiss and notify, webauthn:extension:credBlob: true, webauthn:extension:largeBlob: true, webauthn:virtualAuthenticators: true}
Session ID: 581d3c33d76e605f4d514ef9246e140b
	at sun.reflect.NativeConstructorAccessorImpl.newInstance0(Native Method)
	at sun.reflect.NativeConstructorAccessorImpl.newInstance(NativeConstructorAccessorImpl.java:62)
	at sun.reflect.DelegatingConstructorAccessorImpl.newInstance(DelegatingConstructorAccessorImpl.java:45)
	at java.lang.reflect.Constructor.newInstance(Constructor.java:423)
	at org.openqa.selenium.remote.codec.w3c.W3CHttpResponseCodec.createException(W3CHttpResponseCodec.java:200)
	at org.openqa.selenium.remote.codec.w3c.W3CHttpResponseCodec.decode(W3CHttpResponseCodec.java:133)
	at org.openqa.selenium.remote.codec.w3c.W3CHttpResponseCodec.decode(W3CHttpResponseCodec.java:53)
	at org.openqa.selenium.remote.HttpCommandExecutor.execute(HttpCommandExecutor.java:184)
	at org.openqa.selenium.remote.service.DriverCommandExecutor.invokeExecute(DriverCommandExecutor.java:167)
	at org.openqa.selenium.remote.service.DriverCommandExecutor.execute(DriverCommandExecutor.java:142)
	at org.openqa.selenium.remote.RemoteWebDriver.execute(RemoteWebDriver.java:543)
	at org.openqa.selenium.remote.ElementLocation$ElementFinder$2.findElement(ElementLocation.java:162)
	at org.openqa.selenium.remote.ElementLocation.findElement(ElementLocation.java:60)
	at org.openqa.selenium.remote.RemoteWebDriver.findElement(RemoteWebDriver.java:367)
	at org.openqa.selenium.remote.RemoteWebDriver.findElement(RemoteWebDriver.java:359)
	at org.openqa.selenium.support.pagefactory.DefaultElementLocator.findElement(DefaultElementLocator.java:70)
	at org.openqa.selenium.support.pagefactory.internal.LocatingElementHandler.invoke(LocatingElementHandler.java:39)
	at com.sun.proxy.$Proxy14.isDisplayed(Unknown Source)
	at com.buffalocart.utility.PageUtilities.displayed(PageUtilities.java:44)
	at com.buffalocart.pages.DashBoardPage.clockIN(DashBoardPage.java:55)
	at com.buffalocart.scripts.DashBoardTestCase.clockINTestCase(DashBoardTestCase.java:17)
	at sun.reflect.NativeMethodAccessorImpl.invoke0(Native Method)
	at sun.reflect.NativeMethodAccessorImpl.invoke(NativeMethodAccessorImpl.java:62)
	at sun.reflect.DelegatingMethodAccessorImpl.invoke(DelegatingMethodAccessorImpl.java:43)
	at java.lang.reflect.Method.invoke(Method.java:498)
	at org.testng.internal.MethodInvocationHelper.invokeMethod(MethodInvocationHelper.java:104)
	at org.testng.internal.Invoker.invokeMethod(Invoker.java:645)
	at org.testng.internal.Invoker.invokeTestMethod(Invoker.java:851)
	at org.testng.internal.Invoker.invokeTestMethods(Invoker.java:1177)
	at org.testng.internal.TestMethodWorker.invokeTestMethods(TestMethodWorker.java:129)
	at org.testng.internal.TestMethodWorker.run(TestMethodWorker.java:112)
	at org.testng.TestRunner.privateRun(TestRunner.java:756)
	at org.testng.TestRunner.run(TestRunner.java:610)
	at org.testng.SuiteRunner.runTest(SuiteRunner.java:387)
	at org.testng.SuiteRunner.runSequentially(SuiteRunner.java:382)
	at org.testng.SuiteRunner.privateRun(SuiteRunner.java:340)
	at org.testng.SuiteRunner.run(SuiteRunner.java:289)
	at org.testng.SuiteRunnerWorker.runSuite(SuiteRunnerWorker.java:52)
	at org.testng.SuiteRunnerWorker.run(SuiteRunnerWorker.java:86)
	at org.testng.TestNG.runSuitesSequentially(TestNG.java:1293)
	at org.testng.TestNG.runSuitesLocally(TestNG.java:1218)
	at org.testng.TestNG.runSuites(TestNG.java:1133)
	at org.testng.TestNG.run(TestNG.java:1104)
	at org.testng.remote.AbstractRemoteTestNG.run(AbstractRemoteTestNG.java:132)
	at org.testng.remote.RemoteTestNG.initAndRun(RemoteTestNG.java:236)
	at org.testng.remote.RemoteTestNG.main(RemoteTestNG.java:81)
]]>
            </full-stacktrace>
          </exception> <!-- org.openqa.selenium.NoSuchElementException -->
          <reporter-output>
          </reporter-output>
        </test-method> <!-- clockINTestCase -->
        <test-method status="PASS" signature="openEventTestCase()[pri:0, instance:com.buffalocart.scripts.DashBoardTestCase@370736d9]" name="openEventTestCase" duration-ms="5591" started-at="2022-01-27T06:47:59Z" finished-at="2022-01-27T06:48:04Z">
          <reporter-output>
          </reporter-output>
        </test-method> <!-- openEventTestCase -->
        <test-method status="PASS" signature="openTasksTestCase()[pri:0, instance:com.buffalocart.scripts.DashBoardTestCase@370736d9]" name="openTasksTestCase" duration-ms="5461" started-at="2022-01-27T06:48:04Z" finished-at="2022-01-27T06:48:10Z">
          <reporter-output>
          </reporter-output>
        </test-method> <!-- openTasksTestCase -->
        <test-method status="PASS" signature="openTeamsTimelineTestCase()[pri:0, instance:com.buffalocart.scripts.DashBoardTestCase@370736d9]" name="openTeamsTimelineTestCase" duration-ms="4926" started-at="2022-01-27T06:48:10Z" finished-at="2022-01-27T06:48:14Z">
          <reporter-output>
          </reporter-output>
        </test-method> <!-- openTeamsTimelineTestCase -->
      </class> <!-- com.buffalocart.scripts.DashBoardTestCase -->
      <class name="com.buffalocart.scripts.ClientTestCase">
        <test-method status="PASS" signature="goToClientTestCase()[pri:0, instance:com.buffalocart.scripts.ClientTestCase@6b09bb57]" name="goToClientTestCase" duration-ms="9550" started-at="2022-01-27T06:48:36Z" finished-at="2022-01-27T06:48:45Z">
          <reporter-output>
          </reporter-output>
        </test-method> <!-- goToClientTestCase -->
        <test-method status="PASS" signature="goToContactsTestCase()[pri:0, instance:com.buffalocart.scripts.ClientTestCase@6b09bb57]" name="goToContactsTestCase" duration-ms="3593" started-at="2022-01-27T06:48:45Z" finished-at="2022-01-27T06:48:49Z">
          <reporter-output>
          </reporter-output>
        </test-method> <!-- goToContactsTestCase -->
        <test-method status="FAIL" signature="addClientAndContacts()[pri:0, instance:com.buffalocart.scripts.ClientTestCase@6b09bb57]" name="addClientAndContacts" duration-ms="31" started-at="2022-01-27T06:48:49Z" finished-at="2022-01-27T06:48:49Z">
          <exception class="java.lang.NullPointerException">
            <full-stacktrace>
              <![CDATA[java.lang.NullPointerException
	at com.buffalocart.utility.DataRead.getLastColumn(DataRead.java:51)
	at com.buffalocart.utility.ExcelUtility.readExcel(ExcelUtility.java:28)
	at com.buffalocart.scripts.ClientTestCase.addClientAndContacts(ClientTestCase.java:37)
	at sun.reflect.NativeMethodAccessorImpl.invoke0(Native Method)
	at sun.reflect.NativeMethodAccessorImpl.invoke(NativeMethodAccessorImpl.java:62)
	at sun.reflect.DelegatingMethodAccessorImpl.invoke(DelegatingMethodAccessorImpl.java:43)
	at java.lang.reflect.Method.invoke(Method.java:498)
	at org.testng.internal.MethodInvocationHelper.invokeMethod(MethodInvocationHelper.java:104)
	at org.testng.internal.Invoker.invokeMethod(Invoker.java:645)
	at org.testng.internal.Invoker.invokeTestMethod(Invoker.java:851)
	at org.testng.internal.Invoker.invokeTestMethods(Invoker.java:1177)
	at org.testng.internal.TestMethodWorker.invokeTestMethods(TestMethodWorker.java:129)
	at org.testng.internal.TestMethodWorker.run(TestMethodWorker.java:112)
	at org.testng.TestRunner.privateRun(TestRunner.java:756)
	at org.testng.TestRunner.run(TestRunner.java:610)
	at org.testng.SuiteRunner.runTest(SuiteRunner.java:387)
	at org.testng.SuiteRunner.runSequentially(SuiteRunner.java:382)
	at org.testng.SuiteRunner.privateRun(SuiteRunner.java:340)
	at org.testng.SuiteRunner.run(SuiteRunner.java:289)
	at org.testng.SuiteRunnerWorker.runSuite(SuiteRunnerWorker.java:52)
	at org.testng.SuiteRunnerWorker.run(SuiteRunnerWorker.java:86)
	at org.testng.TestNG.runSuitesSequentially(TestNG.java:1293)
	at org.testng.TestNG.runSuitesLocally(TestNG.java:1218)
	at org.testng.TestNG.runSuites(TestNG.java:1133)
	at org.testng.TestNG.run(TestNG.java:1104)
	at org.testng.remote.AbstractRemoteTestNG.run(AbstractRemoteTestNG.java:132)
	at org.testng.remote.RemoteTestNG.initAndRun(RemoteTestNG.java:236)
	at org.testng.remote.RemoteTestNG.main(RemoteTestNG.java:81)
]]>
            </full-stacktrace>
          </exception> <!-- java.lang.NullPointerException -->
          <reporter-output>
          </reporter-output>
        </test-method> <!-- addClientAndContacts -->
        <test-method status="PASS" signature="downloadExcelContractsTestCase()[pri:0, instance:com.buffalocart.scripts.ClientTestCase@6b09bb57]" name="downloadExcelContractsTestCase" duration-ms="2273" started-at="2022-01-27T06:48:49Z" finished-at="2022-01-27T06:48:51Z">
          <reporter-output>
          </reporter-output>
        </test-method> <!-- downloadExcelContractsTestCase -->
      </class> <!-- com.buffalocart.scripts.ClientTestCase -->
      <class name="com.buffalocart.scripts.TaskTestCase">
        <test-method status="FAIL" signature="verifyTask()[pri:0, instance:com.buffalocart.scripts.TaskTestCase@63753b6d]" name="verifyTask" duration-ms="1090" started-at="2022-01-27T06:48:34Z" finished-at="2022-01-27T06:48:36Z">
          <exception class="org.openqa.selenium.ElementClickInterceptedException">
            <message>
              <![CDATA[element click intercepted: Element <a href="http://buffalocart.com/demo/crm/index.php/projects/all_tasks">...</a> is not clickable at point (125, 273). Other element would receive the click: <div id="select2-drop-mask" class="select2-drop-mask" style=""></div>
  (Session info: chrome=97.0.4692.71)
Build info: version: '4.1.0', revision: '87802e897b'
System info: host: 'DESKTOP-69RSGN8', ip: '192.168.43.124', os.name: 'Windows 10', os.arch: 'amd64', os.version: '10.0', java.version: '1.8.0_261'
Driver info: org.openqa.selenium.chrome.ChromeDriver
Command: [581d3c33d76e605f4d514ef9246e140b, clickElement {id=3de40b65-9bbe-4e62-b91e-777f59b7e6ff}]
Capabilities {acceptInsecureCerts: false, browserName: chrome, browserVersion: 97.0.4692.71, chrome: {chromedriverVersion: 96.0.4664.45 (76e4c1bb2ab46..., userDataDir: C:\Users\SIVAGA~1\AppData\L...}, goog:chromeOptions: {debuggerAddress: localhost:56273}, javascriptEnabled: true, networkConnectionEnabled: false, pageLoadStrategy: normal, platform: WINDOWS, platformName: WINDOWS, proxy: Proxy(), se:cdp: ws://localhost:56273/devtoo..., se:cdpVersion: 97.0.4692.71, setWindowRect: true, strictFileInteractability: false, timeouts: {implicit: 0, pageLoad: 300000, script: 30000}, unhandledPromptBehavior: dismiss and notify, webauthn:extension:credBlob: true, webauthn:extension:largeBlob: true, webauthn:virtualAuthenticators: true}
Element: [[ChromeDriver: chrome on WINDOWS (581d3c33d76e605f4d514ef9246e140b)] -> xpath: //a[@href='http://buffalocart.com/demo/crm/index.php/projects/all_tasks']]
Session ID: 581d3c33d76e605f4d514ef9246e140b]]>
            </message>
            <full-stacktrace>
              <![CDATA[org.openqa.selenium.ElementClickInterceptedException: element click intercepted: Element <a href="http://buffalocart.com/demo/crm/index.php/projects/all_tasks">...</a> is not clickable at point (125, 273). Other element would receive the click: <div id="select2-drop-mask" class="select2-drop-mask" style=""></div>
  (Session info: chrome=97.0.4692.71)
Build info: version: '4.1.0', revision: '87802e897b'
System info: host: 'DESKTOP-69RSGN8', ip: '192.168.43.124', os.name: 'Windows 10', os.arch: 'amd64', os.version: '10.0', java.version: '1.8.0_261'
Driver info: org.openqa.selenium.chrome.ChromeDriver
Command: [581d3c33d76e605f4d514ef9246e140b, clickElement {id=3de40b65-9bbe-4e62-b91e-777f59b7e6ff}]
Capabilities {acceptInsecureCerts: false, browserName: chrome, browserVersion: 97.0.4692.71, chrome: {chromedriverVersion: 96.0.4664.45 (76e4c1bb2ab46..., userDataDir: C:\Users\SIVAGA~1\AppData\L...}, goog:chromeOptions: {debuggerAddress: localhost:56273}, javascriptEnabled: true, networkConnectionEnabled: false, pageLoadStrategy: normal, platform: WINDOWS, platformName: WINDOWS, proxy: Proxy(), se:cdp: ws://localhost:56273/devtoo..., se:cdpVersion: 97.0.4692.71, setWindowRect: true, strictFileInteractability: false, timeouts: {implicit: 0, pageLoad: 300000, script: 30000}, unhandledPromptBehavior: dismiss and notify, webauthn:extension:credBlob: true, webauthn:extension:largeBlob: true, webauthn:virtualAuthenticators: true}
Element: [[ChromeDriver: chrome on WINDOWS (581d3c33d76e605f4d514ef9246e140b)] -> xpath: //a[@href='http://buffalocart.com/demo/crm/index.php/projects/all_tasks']]
Session ID: 581d3c33d76e605f4d514ef9246e140b
	at sun.reflect.NativeConstructorAccessorImpl.newInstance0(Native Method)
	at sun.reflect.NativeConstructorAccessorImpl.newInstance(NativeConstructorAccessorImpl.java:62)
	at sun.reflect.DelegatingConstructorAccessorImpl.newInstance(DelegatingConstructorAccessorImpl.java:45)
	at java.lang.reflect.Constructor.newInstance(Constructor.java:423)
	at org.openqa.selenium.remote.codec.w3c.W3CHttpResponseCodec.createException(W3CHttpResponseCodec.java:200)
	at org.openqa.selenium.remote.codec.w3c.W3CHttpResponseCodec.decode(W3CHttpResponseCodec.java:133)
	at org.openqa.selenium.remote.codec.w3c.W3CHttpResponseCodec.decode(W3CHttpResponseCodec.java:53)
	at org.openqa.selenium.remote.HttpCommandExecutor.execute(HttpCommandExecutor.java:184)
	at org.openqa.selenium.remote.service.DriverCommandExecutor.invokeExecute(DriverCommandExecutor.java:167)
	at org.openqa.selenium.remote.service.DriverCommandExecutor.execute(DriverCommandExecutor.java:142)
	at org.openqa.selenium.remote.RemoteWebDriver.execute(RemoteWebDriver.java:543)
	at org.openqa.selenium.remote.RemoteWebElement.execute(RemoteWebElement.java:251)
	at org.openqa.selenium.remote.RemoteWebElement.click(RemoteWebElement.java:77)
	at sun.reflect.NativeMethodAccessorImpl.invoke0(Native Method)
	at sun.reflect.NativeMethodAccessorImpl.invoke(NativeMethodAccessorImpl.java:62)
	at sun.reflect.DelegatingMethodAccessorImpl.invoke(DelegatingMethodAccessorImpl.java:43)
	at java.lang.reflect.Method.invoke(Method.java:498)
	at org.openqa.selenium.support.pagefactory.internal.LocatingElementHandler.invoke(LocatingElementHandler.java:52)
	at com.sun.proxy.$Proxy14.click(Unknown Source)
	at com.buffalocart.pages.TaskPage.clickTask(TaskPage.java:22)
	at com.buffalocart.scripts.TaskTestCase.verifyTask(TaskTestCase.java:12)
	at sun.reflect.NativeMethodAccessorImpl.invoke0(Native Method)
	at sun.reflect.NativeMethodAccessorImpl.invoke(NativeMethodAccessorImpl.java:62)
	at sun.reflect.DelegatingMethodAccessorImpl.invoke(DelegatingMethodAccessorImpl.java:43)
	at java.lang.reflect.Method.invoke(Method.java:498)
	at org.testng.internal.MethodInvocationHelper.invokeMethod(MethodInvocationHelper.java:104)
	at org.testng.internal.Invoker.invokeMethod(Invoker.java:645)
	at org.testng.internal.Invoker.invokeTestMethod(Invoker.java:851)
	at org.testng.internal.Invoker.invokeTestMethods(Invoker.java:1177)
	at org.testng.internal.TestMethodWorker.invokeTestMethods(TestMethodWorker.java:129)
	at org.testng.internal.TestMethodWorker.run(TestMethodWorker.java:112)
	at org.testng.TestRunner.privateRun(TestRunner.java:756)
	at org.testng.TestRunner.run(TestRunner.java:610)
	at org.testng.SuiteRunner.runTest(SuiteRunner.java:387)
	at org.testng.SuiteRunner.runSequentially(SuiteRunner.java:382)
	at org.testng.SuiteRunner.privateRun(SuiteRunner.java:340)
	at org.testng.SuiteRunner.run(SuiteRunner.java:289)
	at org.testng.SuiteRunnerWorker.runSuite(SuiteRunnerWorker.java:52)
	at org.testng.SuiteRunnerWorker.run(SuiteRunnerWorker.java:86)
	at org.testng.TestNG.runSuitesSequentially(TestNG.java:1293)
	at org.testng.TestNG.runSuitesLocally(TestNG.java:1218)
	at org.testng.TestNG.runSuites(TestNG.java:1133)
	at org.testng.TestNG.run(TestNG.java:1104)
	at org.testng.remote.AbstractRemoteTestNG.run(AbstractRemoteTestNG.java:132)
	at org.testng.remote.RemoteTestNG.initAndRun(RemoteTestNG.java:236)
	at org.testng.remote.RemoteTestNG.main(RemoteTestNG.java:81)
]]>
            </full-stacktrace>
          </exception> <!-- org.openqa.selenium.ElementClickInterceptedException -->
          <reporter-output>
          </reporter-output>
        </test-method> <!-- verifyTask -->
      </class> <!-- com.buffalocart.scripts.TaskTestCase -->
      <class name="com.buffalocart.scripts.LogInTestClass">
        <test-method status="FAIL" signature="logInTestCase()[pri:0, instance:com.buffalocart.scripts.LogInTestClass@3108bc]" name="logInTestCase" duration-ms="14750" started-at="2022-01-27T06:47:40Z" finished-at="2022-01-27T06:47:54Z">
          <exception class="org.openqa.selenium.NoSuchElementException">
            <message>
              <![CDATA[no such element: Unable to locate element: {"method":"xpath","selector":"//div[@role='alert']"}
  (Session info: chrome=97.0.4692.71)
For documentation on this error, please visit: https://selenium.dev/exceptions/#no_such_element
Build info: version: '4.1.0', revision: '87802e897b'
System info: host: 'DESKTOP-69RSGN8', ip: '192.168.43.124', os.name: 'Windows 10', os.arch: 'amd64', os.version: '10.0', java.version: '1.8.0_261'
Driver info: org.openqa.selenium.chrome.ChromeDriver
Command: [581d3c33d76e605f4d514ef9246e140b, findElement {using=xpath, value=//div[@role='alert']}]
Capabilities {acceptInsecureCerts: false, browserName: chrome, browserVersion: 97.0.4692.71, chrome: {chromedriverVersion: 96.0.4664.45 (76e4c1bb2ab46..., userDataDir: C:\Users\SIVAGA~1\AppData\L...}, goog:chromeOptions: {debuggerAddress: localhost:56273}, javascriptEnabled: true, networkConnectionEnabled: false, pageLoadStrategy: normal, platform: WINDOWS, platformName: WINDOWS, proxy: Proxy(), se:cdp: ws://localhost:56273/devtoo..., se:cdpVersion: 97.0.4692.71, setWindowRect: true, strictFileInteractability: false, timeouts: {implicit: 0, pageLoad: 300000, script: 30000}, unhandledPromptBehavior: dismiss and notify, webauthn:extension:credBlob: true, webauthn:extension:largeBlob: true, webauthn:virtualAuthenticators: true}
Session ID: 581d3c33d76e605f4d514ef9246e140b]]>
            </message>
            <full-stacktrace>
              <![CDATA[org.openqa.selenium.NoSuchElementException: no such element: Unable to locate element: {"method":"xpath","selector":"//div[@role='alert']"}
  (Session info: chrome=97.0.4692.71)
For documentation on this error, please visit: https://selenium.dev/exceptions/#no_such_element
Build info: version: '4.1.0', revision: '87802e897b'
System info: host: 'DESKTOP-69RSGN8', ip: '192.168.43.124', os.name: 'Windows 10', os.arch: 'amd64', os.version: '10.0', java.version: '1.8.0_261'
Driver info: org.openqa.selenium.chrome.ChromeDriver
Command: [581d3c33d76e605f4d514ef9246e140b, findElement {using=xpath, value=//div[@role='alert']}]
Capabilities {acceptInsecureCerts: false, browserName: chrome, browserVersion: 97.0.4692.71, chrome: {chromedriverVersion: 96.0.4664.45 (76e4c1bb2ab46..., userDataDir: C:\Users\SIVAGA~1\AppData\L...}, goog:chromeOptions: {debuggerAddress: localhost:56273}, javascriptEnabled: true, networkConnectionEnabled: false, pageLoadStrategy: normal, platform: WINDOWS, platformName: WINDOWS, proxy: Proxy(), se:cdp: ws://localhost:56273/devtoo..., se:cdpVersion: 97.0.4692.71, setWindowRect: true, strictFileInteractability: false, timeouts: {implicit: 0, pageLoad: 300000, script: 30000}, unhandledPromptBehavior: dismiss and notify, webauthn:extension:credBlob: true, webauthn:extension:largeBlob: true, webauthn:virtualAuthenticators: true}
Session ID: 581d3c33d76e605f4d514ef9246e140b
	at sun.reflect.NativeConstructorAccessorImpl.newInstance0(Native Method)
	at sun.reflect.NativeConstructorAccessorImpl.newInstance(NativeConstructorAccessorImpl.java:62)
	at sun.reflect.DelegatingConstructorAccessorImpl.newInstance(DelegatingConstructorAccessorImpl.java:45)
	at java.lang.reflect.Constructor.newInstance(Constructor.java:423)
	at org.openqa.selenium.remote.codec.w3c.W3CHttpResponseCodec.createException(W3CHttpResponseCodec.java:200)
	at org.openqa.selenium.remote.codec.w3c.W3CHttpResponseCodec.decode(W3CHttpResponseCodec.java:133)
	at org.openqa.selenium.remote.codec.w3c.W3CHttpResponseCodec.decode(W3CHttpResponseCodec.java:53)
	at org.openqa.selenium.remote.HttpCommandExecutor.execute(HttpCommandExecutor.java:184)
	at org.openqa.selenium.remote.service.DriverCommandExecutor.invokeExecute(DriverCommandExecutor.java:167)
	at org.openqa.selenium.remote.service.DriverCommandExecutor.execute(DriverCommandExecutor.java:142)
	at org.openqa.selenium.remote.RemoteWebDriver.execute(RemoteWebDriver.java:543)
	at org.openqa.selenium.remote.ElementLocation$ElementFinder$2.findElement(ElementLocation.java:162)
	at org.openqa.selenium.remote.ElementLocation.findElement(ElementLocation.java:60)
	at org.openqa.selenium.remote.RemoteWebDriver.findElement(RemoteWebDriver.java:367)
	at org.openqa.selenium.remote.RemoteWebDriver.findElement(RemoteWebDriver.java:359)
	at org.openqa.selenium.support.pagefactory.DefaultElementLocator.findElement(DefaultElementLocator.java:70)
	at org.openqa.selenium.support.pagefactory.internal.LocatingElementHandler.invoke(LocatingElementHandler.java:39)
	at com.sun.proxy.$Proxy14.isDisplayed(Unknown Source)
	at com.buffalocart.pages.Login.logIn(Login.java:51)
	at com.buffalocart.scripts.LogInTestClass.logInTestCase(LogInTestClass.java:51)
	at sun.reflect.NativeMethodAccessorImpl.invoke0(Native Method)
	at sun.reflect.NativeMethodAccessorImpl.invoke(NativeMethodAccessorImpl.java:62)
	at sun.reflect.DelegatingMethodAccessorImpl.invoke(DelegatingMethodAccessorImpl.java:43)
	at java.lang.reflect.Method.invoke(Method.java:498)
	at org.testng.internal.MethodInvocationHelper.invokeMethod(MethodInvocationHelper.java:104)
	at org.testng.internal.Invoker.invokeMethod(Invoker.java:645)
	at org.testng.internal.Invoker.invokeTestMethod(Invoker.java:851)
	at org.testng.internal.Invoker.invokeTestMethods(Invoker.java:1177)
	at org.testng.internal.TestMethodWorker.invokeTestMethods(TestMethodWorker.java:129)
	at org.testng.internal.TestMethodWorker.run(TestMethodWorker.java:112)
	at org.testng.TestRunner.privateRun(TestRunner.java:756)
	at org.testng.TestRunner.run(TestRunner.java:610)
	at org.testng.SuiteRunner.runTest(SuiteRunner.java:387)
	at org.testng.SuiteRunner.runSequentially(SuiteRunner.java:382)
	at org.testng.SuiteRunner.privateRun(SuiteRunner.java:340)
	at org.testng.SuiteRunner.run(SuiteRunner.java:289)
	at org.testng.SuiteRunnerWorker.runSuite(SuiteRunnerWorker.java:52)
	at org.testng.SuiteRunnerWorker.run(SuiteRunnerWorker.java:86)
	at org.testng.TestNG.runSuitesSequentially(TestNG.java:1293)
	at org.testng.TestNG.runSuitesLocally(TestNG.java:1218)
	at org.testng.TestNG.runSuites(TestNG.java:1133)
	at org.testng.TestNG.run(TestNG.java:1104)
	at org.testng.remote.AbstractRemoteTestNG.run(AbstractRemoteTestNG.java:132)
	at org.testng.remote.RemoteTestNG.initAndRun(RemoteTestNG.java:236)
	at org.testng.remote.RemoteTestNG.main(RemoteTestNG.java:81)
]]>
            </full-stacktrace>
          </exception> <!-- org.openqa.selenium.NoSuchElementException -->
          <reporter-output>
          </reporter-output>
        </test-method> <!-- logInTestCase -->
      </class> <!-- com.buffalocart.scripts.LogInTestClass -->
      <class name="com.buffalocart.scripts.EventTestCase">
        <test-method status="FAIL" signature="addEventTestCase()[pri:0, instance:com.buffalocart.scripts.EventTestCase@5f9d02cb]" name="addEventTestCase" duration-ms="19123" started-at="2022-01-27T06:48:14Z" finished-at="2022-01-27T06:48:34Z">
          <exception class="org.openqa.selenium.NoSuchElementException">
            <message>
              <![CDATA[no such element: Unable to locate element: {"method":"xpath","selector":"//div[@class='select2-drop select2-display-none select2-with-searchbox select2-drop-active select2-drop-above']//parent::div//child::input"}
  (Session info: chrome=97.0.4692.71)
For documentation on this error, please visit: https://selenium.dev/exceptions/#no_such_element
Build info: version: '4.1.0', revision: '87802e897b'
System info: host: 'DESKTOP-69RSGN8', ip: '192.168.43.124', os.name: 'Windows 10', os.arch: 'amd64', os.version: '10.0', java.version: '1.8.0_261'
Driver info: org.openqa.selenium.chrome.ChromeDriver
Command: [581d3c33d76e605f4d514ef9246e140b, findElement {using=xpath, value=//div[@class='select2-drop select2-display-none select2-with-searchbox select2-drop-active select2-drop-above']//parent::div//child::input}]
Capabilities {acceptInsecureCerts: false, browserName: chrome, browserVersion: 97.0.4692.71, chrome: {chromedriverVersion: 96.0.4664.45 (76e4c1bb2ab46..., userDataDir: C:\Users\SIVAGA~1\AppData\L...}, goog:chromeOptions: {debuggerAddress: localhost:56273}, javascriptEnabled: true, networkConnectionEnabled: false, pageLoadStrategy: normal, platform: WINDOWS, platformName: WINDOWS, proxy: Proxy(), se:cdp: ws://localhost:56273/devtoo..., se:cdpVersion: 97.0.4692.71, setWindowRect: true, strictFileInteractability: false, timeouts: {implicit: 0, pageLoad: 300000, script: 30000}, unhandledPromptBehavior: dismiss and notify, webauthn:extension:credBlob: true, webauthn:extension:largeBlob: true, webauthn:virtualAuthenticators: true}
Session ID: 581d3c33d76e605f4d514ef9246e140b]]>
            </message>
            <full-stacktrace>
              <![CDATA[org.openqa.selenium.NoSuchElementException: no such element: Unable to locate element: {"method":"xpath","selector":"//div[@class='select2-drop select2-display-none select2-with-searchbox select2-drop-active select2-drop-above']//parent::div//child::input"}
  (Session info: chrome=97.0.4692.71)
For documentation on this error, please visit: https://selenium.dev/exceptions/#no_such_element
Build info: version: '4.1.0', revision: '87802e897b'
System info: host: 'DESKTOP-69RSGN8', ip: '192.168.43.124', os.name: 'Windows 10', os.arch: 'amd64', os.version: '10.0', java.version: '1.8.0_261'
Driver info: org.openqa.selenium.chrome.ChromeDriver
Command: [581d3c33d76e605f4d514ef9246e140b, findElement {using=xpath, value=//div[@class='select2-drop select2-display-none select2-with-searchbox select2-drop-active select2-drop-above']//parent::div//child::input}]
Capabilities {acceptInsecureCerts: false, browserName: chrome, browserVersion: 97.0.4692.71, chrome: {chromedriverVersion: 96.0.4664.45 (76e4c1bb2ab46..., userDataDir: C:\Users\SIVAGA~1\AppData\L...}, goog:chromeOptions: {debuggerAddress: localhost:56273}, javascriptEnabled: true, networkConnectionEnabled: false, pageLoadStrategy: normal, platform: WINDOWS, platformName: WINDOWS, proxy: Proxy(), se:cdp: ws://localhost:56273/devtoo..., se:cdpVersion: 97.0.4692.71, setWindowRect: true, strictFileInteractability: false, timeouts: {implicit: 0, pageLoad: 300000, script: 30000}, unhandledPromptBehavior: dismiss and notify, webauthn:extension:credBlob: true, webauthn:extension:largeBlob: true, webauthn:virtualAuthenticators: true}
Session ID: 581d3c33d76e605f4d514ef9246e140b
	at sun.reflect.NativeConstructorAccessorImpl.newInstance0(Native Method)
	at sun.reflect.NativeConstructorAccessorImpl.newInstance(NativeConstructorAccessorImpl.java:62)
	at sun.reflect.DelegatingConstructorAccessorImpl.newInstance(DelegatingConstructorAccessorImpl.java:45)
	at java.lang.reflect.Constructor.newInstance(Constructor.java:423)
	at org.openqa.selenium.remote.codec.w3c.W3CHttpResponseCodec.createException(W3CHttpResponseCodec.java:200)
	at org.openqa.selenium.remote.codec.w3c.W3CHttpResponseCodec.decode(W3CHttpResponseCodec.java:133)
	at org.openqa.selenium.remote.codec.w3c.W3CHttpResponseCodec.decode(W3CHttpResponseCodec.java:53)
	at org.openqa.selenium.remote.HttpCommandExecutor.execute(HttpCommandExecutor.java:184)
	at org.openqa.selenium.remote.service.DriverCommandExecutor.invokeExecute(DriverCommandExecutor.java:167)
	at org.openqa.selenium.remote.service.DriverCommandExecutor.execute(DriverCommandExecutor.java:142)
	at org.openqa.selenium.remote.RemoteWebDriver.execute(RemoteWebDriver.java:543)
	at org.openqa.selenium.remote.ElementLocation$ElementFinder$2.findElement(ElementLocation.java:162)
	at org.openqa.selenium.remote.ElementLocation.findElement(ElementLocation.java:60)
	at org.openqa.selenium.remote.RemoteWebDriver.findElement(RemoteWebDriver.java:367)
	at org.openqa.selenium.remote.RemoteWebDriver.findElement(RemoteWebDriver.java:359)
	at org.openqa.selenium.support.pagefactory.DefaultElementLocator.findElement(DefaultElementLocator.java:70)
	at org.openqa.selenium.support.pagefactory.internal.LocatingElementHandler.invoke(LocatingElementHandler.java:39)
	at com.sun.proxy.$Proxy14.clear(Unknown Source)
	at com.buffalocart.utility.PageUtilities.enterKey(PageUtilities.java:39)
	at com.buffalocart.pages.EventPage.addEvent(EventPage.java:133)
	at com.buffalocart.scripts.EventTestCase.addEventTestCase(EventTestCase.java:26)
	at sun.reflect.NativeMethodAccessorImpl.invoke0(Native Method)
	at sun.reflect.NativeMethodAccessorImpl.invoke(NativeMethodAccessorImpl.java:62)
	at sun.reflect.DelegatingMethodAccessorImpl.invoke(DelegatingMethodAccessorImpl.java:43)
	at java.lang.reflect.Method.invoke(Method.java:498)
	at org.testng.internal.MethodInvocationHelper.invokeMethod(MethodInvocationHelper.java:104)
	at org.testng.internal.Invoker.invokeMethod(Invoker.java:645)
	at org.testng.internal.Invoker.invokeTestMethod(Invoker.java:851)
	at org.testng.internal.Invoker.invokeTestMethods(Invoker.java:1177)
	at org.testng.internal.TestMethodWorker.invokeTestMethods(TestMethodWorker.java:129)
	at org.testng.internal.TestMethodWorker.run(TestMethodWorker.java:112)
	at org.testng.TestRunner.privateRun(TestRunner.java:756)
	at org.testng.TestRunner.run(TestRunner.java:610)
	at org.testng.SuiteRunner.runTest(SuiteRunner.java:387)
	at org.testng.SuiteRunner.runSequentially(SuiteRunner.java:382)
	at org.testng.SuiteRunner.privateRun(SuiteRunner.java:340)
	at org.testng.SuiteRunner.run(SuiteRunner.java:289)
	at org.testng.SuiteRunnerWorker.runSuite(SuiteRunnerWorker.java:52)
	at org.testng.SuiteRunnerWorker.run(SuiteRunnerWorker.java:86)
	at org.testng.TestNG.runSuitesSequentially(TestNG.java:1293)
	at org.testng.TestNG.runSuitesLocally(TestNG.java:1218)
	at org.testng.TestNG.runSuites(TestNG.java:1133)
	at org.testng.TestNG.run(TestNG.java:1104)
	at org.testng.remote.AbstractRemoteTestNG.run(AbstractRemoteTestNG.java:132)
	at org.testng.remote.RemoteTestNG.initAndRun(RemoteTestNG.java:236)
	at org.testng.remote.RemoteTestNG.main(RemoteTestNG.java:81)
]]>
            </full-stacktrace>
          </exception> <!-- org.openqa.selenium.NoSuchElementException -->
          <reporter-output>
          </reporter-output>
        </test-method> <!-- addEventTestCase -->
        <test-method status="PASS" signature="navigateEventForwardTestCase()[pri:0, instance:com.buffalocart.scripts.EventTestCase@5f9d02cb]" name="navigateEventForwardTestCase" duration-ms="175" started-at="2022-01-27T06:48:34Z" finished-at="2022-01-27T06:48:34Z">
          <reporter-output>
          </reporter-output>
        </test-method> <!-- navigateEventForwardTestCase -->
        <test-method status="PASS" signature="navigateEventBackwardTestCase()[pri:0, instance:com.buffalocart.scripts.EventTestCase@5f9d02cb]" name="navigateEventBackwardTestCase" duration-ms="125" started-at="2022-01-27T06:48:34Z" finished-at="2022-01-27T06:48:34Z">
          <reporter-output>
          </reporter-output>
        </test-method> <!-- navigateEventBackwardTestCase -->
        <test-method status="PASS" signature="eventWeekViewTestCase()[pri:0, instance:com.buffalocart.scripts.EventTestCase@5f9d02cb]" name="eventWeekViewTestCase" duration-ms="125" started-at="2022-01-27T06:48:34Z" finished-at="2022-01-27T06:48:34Z">
          <reporter-output>
          </reporter-output>
        </test-method> <!-- eventWeekViewTestCase -->
        <test-method status="PASS" signature="eventDayViewTestCase()[pri:0, instance:com.buffalocart.scripts.EventTestCase@5f9d02cb]" name="eventDayViewTestCase" duration-ms="195" started-at="2022-01-27T06:48:34Z" finished-at="2022-01-27T06:48:34Z">
          <reporter-output>
          </reporter-output>
        </test-method> <!-- eventDayViewTestCase -->
        <test-method status="PASS" signature="eventListViewTestCase()[pri:0, instance:com.buffalocart.scripts.EventTestCase@5f9d02cb]" name="eventListViewTestCase" duration-ms="60" started-at="2022-01-27T06:48:34Z" finished-at="2022-01-27T06:48:34Z">
          <reporter-output>
          </reporter-output>
        </test-method> <!-- eventListViewTestCase -->
        <test-method status="PASS" signature="eventMonthViewTestCase()[pri:0, instance:com.buffalocart.scripts.EventTestCase@5f9d02cb]" name="eventMonthViewTestCase" duration-ms="125" started-at="2022-01-27T06:48:34Z" finished-at="2022-01-27T06:48:34Z">
          <reporter-output>
          </reporter-output>
        </test-method> <!-- eventMonthViewTestCase -->
      </class> <!-- com.buffalocart.scripts.EventTestCase -->
      <class name="com.buffalocart.scripts.LogOutTestCase">
        <test-method status="PASS" signature="clockOutTestCase()[pri:0, instance:com.buffalocart.scripts.LogOutTestCase@6536e911]" name="clockOutTestCase" duration-ms="2585" started-at="2022-01-27T06:48:51Z" finished-at="2022-01-27T06:48:54Z">
          <reporter-output>
          </reporter-output>
        </test-method> <!-- clockOutTestCase -->
        <test-method status="PASS" signature="logOutTestCase()[pri:0, instance:com.buffalocart.scripts.LogOutTestCase@6536e911]" name="logOutTestCase" duration-ms="1263" started-at="2022-01-27T06:48:54Z" finished-at="2022-01-27T06:48:55Z">
          <reporter-output>
          </reporter-output>
        </test-method> <!-- logOutTestCase -->
      </class> <!-- com.buffalocart.scripts.LogOutTestCase -->
    </test> <!-- Test -->
  </suite> <!-- Suite -->
</testng-results>
